<?xml version="1.0" encoding="UTF-8"?>
<testsuite xmlns:xsi="http://www.w3.org/2001/XMLSchema-instance" xsi:noNamespaceSchemaLocation="https://maven.apache.org/surefire/maven-surefire-plugin/xsd/surefire-test-report.xsd" version="3.0.2" name="pe.resteban.template.infrastructure.rest.OrderControllerIT" time="37.206" tests="1" errors="0" skipped="0" failures="0" flakes="0">
  <properties>
[...]
</properties>
  <testcase name="shouldCreateOrderAndReturn2xx" classname="pe.resteban.template.infrastructure.rest.OrderControllerIT" time="0.919">
    <system-out><![CDATA[23:14:11.230 [main] INFO org.springframework.test.context.support.AnnotationConfigContextLoaderUtils -- Could not detect default configuration classes for test class [pe.resteban.template.infrastructure.rest.OrderControllerIT]: OrderControllerIT does not declare any static, non-private, non-final, nested classes annotated with @Configuration.
23:14:11.462 [main] INFO org.springframework.boot.test.context.SpringBootTestContextBootstrapper -- Found @SpringBootConfiguration pe.resteban.template.TemplateApplication for test class pe.resteban.template.infrastructure.rest.OrderControllerIT
23:14:11.677 [main] INFO org.testcontainers.images.PullPolicy -- Image pull policy will be performed by: DefaultPullPolicy()
23:14:11.677 [main] INFO org.testcontainers.utility.ImageNameSubstitutor -- Image name substitution will be performed by: DefaultImageNameSubstitutor (composite of 'ConfigurationFileImageNameSubstitutor' and 'PrefixingImageNameSubstitutor')
23:14:11.741 [main] INFO org.testcontainers.DockerClientFactory -- Testcontainers version: 1.21.4
23:14:12.280 [main] INFO org.testcontainers.dockerclient.DockerClientProviderStrategy -- Found Docker environment with local Npipe socket (npipe:////./pipe/docker_engine)
23:14:12.302 [main] INFO org.testcontainers.DockerClientFactory -- Docker host IP address is localhost
23:14:12.335 [main] INFO org.testcontainers.DockerClientFactory -- Connected to docker: 
  Server Version: 29.2.1
  API Version: 1.53
  Operating System: Docker Desktop
  Total Memory: 3917 MB
  Labels: 
    com.docker.desktop.address=npipe://\\.\pipe\docker_cli
23:14:12.514 [main] INFO tc.testcontainers/ryuk:0.12.0 -- Pulling docker image: testcontainers/ryuk:0.12.0. Please be patient; this may take some time but only needs to be done once.
23:14:12.612 [main] INFO org.testcontainers.utility.RegistryAuthLocator -- Credential helper/store (docker-credential-desktop) does not have credentials for https://index.docker.io/v1/
23:14:15.154 [docker-java-stream--1931961954] INFO tc.testcontainers/ryuk:0.12.0 -- Starting to pull image
23:14:15.169 [docker-java-stream--1931961954] INFO tc.testcontainers/ryuk:0.12.0 -- Pulling image layers:  0 pending,  0 downloaded,  0 extracted, (0 bytes/0 bytes)
23:14:20.537 [docker-java-stream--1931961954] INFO tc.testcontainers/ryuk:0.12.0 -- Pulling image layers:  2 pending,  1 downloaded,  0 extracted, (6 MB/? MB)
23:14:20.836 [docker-java-stream--1931961954] INFO tc.testcontainers/ryuk:0.12.0 -- Pulling image layers:  1 pending,  2 downloaded,  0 extracted, (7 MB/? MB)
23:14:22.436 [docker-java-stream--1931961954] INFO tc.testcontainers/ryuk:0.12.0 -- Pulling image layers:  0 pending,  3 downloaded,  0 extracted, (9 MB/10 MB)
23:14:22.636 [docker-java-stream--1931961954] INFO tc.testcontainers/ryuk:0.12.0 -- Pulling image layers:  0 pending,  3 downloaded,  1 extracted, (9 MB/10 MB)
23:14:22.638 [docker-java-stream--1931961954] INFO tc.testcontainers/ryuk:0.12.0 -- Pulling image layers:  0 pending,  3 downloaded,  2 extracted, (9 MB/10 MB)
23:14:22.663 [docker-java-stream--1931961954] INFO tc.testcontainers/ryuk:0.12.0 -- Pulling image layers:  0 pending,  3 downloaded,  3 extracted, (9 MB/10 MB)
23:14:22.668 [docker-java-stream--1931961954] INFO tc.testcontainers/ryuk:0.12.0 -- Pull complete. 3 layers, pulled in 7s (downloaded 9 MB at 1 MB/s)
23:14:22.668 [main] INFO tc.testcontainers/ryuk:0.12.0 -- Image testcontainers/ryuk:0.12.0 pull took PT10.1538715S
23:14:22.780 [main] INFO tc.testcontainers/ryuk:0.12.0 -- Creating container for image: testcontainers/ryuk:0.12.0
23:14:23.040 [main] INFO tc.testcontainers/ryuk:0.12.0 -- Container testcontainers/ryuk:0.12.0 is starting: aac935288fdee5c5017ff688ecb390f8488b4692cb2003ec909c2d34c20eebf4
23:14:23.618 [main] INFO tc.testcontainers/ryuk:0.12.0 -- Container testcontainers/ryuk:0.12.0 started in PT0.8370716S
23:14:23.628 [main] INFO org.testcontainers.utility.RyukResourceReaper -- Ryuk started - will monitor and terminate Testcontainers containers on JVM exit
23:14:23.628 [main] INFO org.testcontainers.DockerClientFactory -- Checking the system...
23:14:23.629 [main] INFO org.testcontainers.DockerClientFactory -- ✔︎ Docker server version should be at least 1.6.0
23:14:23.629 [main] INFO tc.rabbitmq:3.13-management-alpine -- Creating container for image: rabbitmq:3.13-management-alpine
23:14:23.791 [main] INFO tc.rabbitmq:3.13-management-alpine -- Container rabbitmq:3.13-management-alpine is starting: e93f9da782e8d2609812c0c74d425ff95be09e987d30cfd7afdba2e28b46e900
23:14:31.760 [main] INFO tc.rabbitmq:3.13-management-alpine -- Container rabbitmq:3.13-management-alpine started in PT8.1309718S
23:14:31.761 [main] INFO tc.mongo:7.0 -- Creating container for image: mongo:7.0
23:14:31.851 [main] INFO tc.mongo:7.0 -- Container mongo:7.0 is starting: 7223701d87c8f6ab4d55aa34544d1550f49bb2722ff86f633693c0764ce5a102
23:14:32.954 [main] INFO tc.mongo:7.0 -- Container mongo:7.0 started in PT1.1929537S
23:14:35.003 [main] INFO tc.postgres:16-alpine -- Creating container for image: postgres:16-alpine
23:14:35.080 [main] INFO tc.postgres:16-alpine -- Container postgres:16-alpine is starting: 8c88ee5b9e50bb2e0cfaf1d8fddc1e82239ee38d7524a0beb325e516c85b261c
23:14:37.059 [main] INFO tc.postgres:16-alpine -- Container postgres:16-alpine started in PT2.0565647S
23:14:37.060 [main] INFO tc.postgres:16-alpine -- Container is started (JDBC URL: jdbc:postgresql://localhost:54856/test?loggerLevel=OFF)

  .   ____          _            __ _ _
 /\\ / ___'_ __ _ _(_)_ __  __ _ \ \ \ \
( ( )\___ | '_ | '_| | '_ \/ _` | \ \ \ \
 \\/  ___)| |_)| | | | | || (_| |  ) ) ) )
  '  |____| .__|_| |_|_| |_\__, | / / / /
 =========|_|==============|___/=/_/_/_/

 :: Spring Boot ::               (v3.5.13)

2026-03-29T23:14:37.516-05:00  INFO 22256 --- [java-microservices-template] [           main] p.r.t.i.rest.OrderControllerIT           : Starting OrderControllerIT using Java 21.0.10 with PID 22256 (started by reste in D:\Proyectos\TICs\java-microservices-template)
2026-03-29T23:14:37.517-05:00  INFO 22256 --- [java-microservices-template] [           main] p.r.t.i.rest.OrderControllerIT           : The following 1 profile is active: "dev"
2026-03-29T23:14:39.382-05:00  INFO 22256 --- [java-microservices-template] [           main] .s.d.r.c.RepositoryConfigurationDelegate : Multiple Spring Data modules found, entering strict repository configuration mode
2026-03-29T23:14:39.382-05:00  INFO 22256 --- [java-microservices-template] [           main] .s.d.r.c.RepositoryConfigurationDelegate : Bootstrapping Spring Data JPA repositories in DEFAULT mode.
2026-03-29T23:14:39.509-05:00  INFO 22256 --- [java-microservices-template] [           main] .s.d.r.c.RepositoryConfigurationDelegate : Finished Spring Data repository scanning in 96 ms. Found 1 JPA repository interface.
2026-03-29T23:14:39.526-05:00  INFO 22256 --- [java-microservices-template] [           main] .s.d.r.c.RepositoryConfigurationDelegate : Multiple Spring Data modules found, entering strict repository configuration mode
2026-03-29T23:14:39.526-05:00  INFO 22256 --- [java-microservices-template] [           main] .s.d.r.c.RepositoryConfigurationDelegate : Bootstrapping Spring Data MongoDB repositories in DEFAULT mode.
2026-03-29T23:14:39.541-05:00  INFO 22256 --- [java-microservices-template] [           main] .RepositoryConfigurationExtensionSupport : Spring Data MongoDB - Could not safely identify store assignment for repository candidate interface pe.resteban.template.infrastructure.persistence.OrderJpaRepository; If you want this repository to be a MongoDB repository, consider annotating your entities with one of these annotations: org.springframework.data.mongodb.core.mapping.Document (preferred), or consider extending one of the following types with your repository: org.springframework.data.mongodb.repository.MongoRepository
2026-03-29T23:14:39.541-05:00  INFO 22256 --- [java-microservices-template] [           main] .s.d.r.c.RepositoryConfigurationDelegate : Finished Spring Data repository scanning in 12 ms. Found 0 MongoDB repository interfaces.
2026-03-29T23:14:40.753-05:00  INFO 22256 --- [java-microservices-template] [           main] o.s.b.w.embedded.tomcat.TomcatWebServer  : Tomcat initialized with port 0 (http)
2026-03-29T23:14:40.785-05:00  INFO 22256 --- [java-microservices-template] [           main] o.apache.catalina.core.StandardService   : Starting service [Tomcat]
2026-03-29T23:14:40.785-05:00  INFO 22256 --- [java-microservices-template] [           main] o.apache.catalina.core.StandardEngine    : Starting Servlet engine: [Apache Tomcat/10.1.53]
2026-03-29T23:14:40.944-05:00  INFO 22256 --- [java-microservices-template] [           main] o.a.c.c.C.[Tomcat].[localhost].[/]       : Initializing Spring embedded WebApplicationContext
2026-03-29T23:14:40.944-05:00  INFO 22256 --- [java-microservices-template] [           main] w.s.c.ServletWebServerApplicationContext : Root WebApplicationContext: initialization completed in 3404 ms
2026-03-29T23:14:41.544-05:00  INFO 22256 --- [java-microservices-template] [           main] o.hibernate.jpa.internal.util.LogHelper  : HHH000204: Processing PersistenceUnitInfo [name: default]
2026-03-29T23:14:41.651-05:00  INFO 22256 --- [java-microservices-template] [           main] org.hibernate.Version                    : HHH000412: Hibernate ORM core version 6.6.45.Final
2026-03-29T23:14:41.677-05:00  INFO 22256 --- [java-microservices-template] [           main] o.h.c.internal.RegionFactoryInitiator    : HHH000026: Second-level cache disabled
2026-03-29T23:14:41.948-05:00  INFO 22256 --- [java-microservices-template] [           main] o.s.o.j.p.SpringPersistenceUnitInfo      : No LoadTimeWeaver setup: ignoring JPA class transformer
2026-03-29T23:14:41.980-05:00  INFO 22256 --- [java-microservices-template] [           main] com.zaxxer.hikari.HikariDataSource       : HikariPool-1 - Starting...
2026-03-29T23:14:42.161-05:00  INFO 22256 --- [java-microservices-template] [           main] com.zaxxer.hikari.pool.HikariPool        : HikariPool-1 - Added connection org.postgresql.jdbc.PgConnection@1a865ebf
2026-03-29T23:14:42.163-05:00  INFO 22256 --- [java-microservices-template] [           main] com.zaxxer.hikari.HikariDataSource       : HikariPool-1 - Start completed.
2026-03-29T23:14:42.188-05:00  WARN 22256 --- [java-microservices-template] [           main] org.hibernate.orm.deprecation            : HHH90000025: PostgreSQLDialect does not need to be specified explicitly using 'hibernate.dialect' (remove the property setting and it will be selected by default)
2026-03-29T23:14:42.217-05:00  INFO 22256 --- [java-microservices-template] [           main] org.hibernate.orm.connections.pooling    : HHH10001005: Database info:
	Database JDBC URL [Connecting through datasource 'HikariDataSource (HikariPool-1)']
	Database driver: undefined/unknown
	Database version: 16.13
	Autocommit mode: undefined/unknown
	Isolation level: undefined/unknown
	Minimum pool size: undefined/unknown
	Maximum pool size: undefined/unknown
2026-03-29T23:14:43.396-05:00  INFO 22256 --- [java-microservices-template] [           main] o.h.e.t.j.p.i.JtaPlatformInitiator       : HHH000489: No JTA platform available (set 'hibernate.transaction.jta.platform' to enable JTA platform integration)
Hibernate: create table orders (order_id varchar(255) not null, status varchar(255), primary key (order_id))
2026-03-29T23:14:43.449-05:00  INFO 22256 --- [java-microservices-template] [           main] j.LocalContainerEntityManagerFactoryBean : Initialized JPA EntityManagerFactory for persistence unit 'default'
2026-03-29T23:14:43.905-05:00  WARN 22256 --- [java-microservices-template] [           main] JpaBaseConfiguration$JpaWebConfiguration : spring.jpa.open-in-view is enabled by default. Therefore, database queries may be performed during view rendering. Explicitly configure spring.jpa.open-in-view to disable this warning
2026-03-29T23:14:45.155-05:00  INFO 22256 --- [java-microservices-template] [           main] org.mongodb.driver.client                : MongoClient with metadata {"driver": {"name": "mongo-java-driver|sync|spring-boot", "version": "5.5.2"}, "os": {"type": "Windows", "name": "Windows 11", "architecture": "amd64", "version": "10.0"}, "platform": "Java/Microsoft/21.0.10+7-LTS"} created with settings MongoClientSettings{readPreference=primary, writeConcern=WriteConcern{w=null, wTimeout=null ms, journal=null}, retryWrites=true, retryReads=true, readConcern=ReadConcern{level=null}, credential=null, transportSettings=null, commandListeners=[io.micrometer.core.instrument.binder.mongodb.MongoMetricsCommandListener@2654f4aa], codecRegistry=ProvidersCodecRegistry{codecProviders=[ValueCodecProvider{}, BsonValueCodecProvider{}, DBRefCodecProvider{}, DBObjectCodecProvider{}, DocumentCodecProvider{}, CollectionCodecProvider{}, IterableCodecProvider{}, MapCodecProvider{}, GeoJsonCodecProvider{}, GridFSFileCodecProvider{}, Jsr310CodecProvider{}, JsonObjectCodecProvider{}, BsonCodecProvider{}, EnumCodecProvider{}, com.mongodb.client.model.mql.ExpressionCodecProvider@5bdde886, com.mongodb.Jep395RecordCodecProvider@626a783b, com.mongodb.KotlinCodecProvider@5563630d]}, loggerSettings=LoggerSettings{maxDocumentLength=1000}, clusterSettings={hosts=[localhost:58773], srvServiceName=mongodb, mode=SINGLE, requiredClusterType=UNKNOWN, requiredReplicaSetName='null', serverSelector='null', clusterListeners='[]', serverSelectionTimeout='30000 ms', localThreshold='15 ms'}, socketSettings=SocketSettings{connectTimeoutMS=10000, readTimeoutMS=0, receiveBufferSize=0, proxySettings=ProxySettings{host=null, port=null, username=null, password=null}}, heartbeatSocketSettings=SocketSettings{connectTimeoutMS=10000, readTimeoutMS=10000, receiveBufferSize=0, proxySettings=ProxySettings{host=null, port=null, username=null, password=null}}, connectionPoolSettings=ConnectionPoolSettings{maxSize=100, minSize=0, maxWaitTimeMS=120000, maxConnectionLifeTimeMS=0, maxConnectionIdleTimeMS=0, maintenanceInitialDelayMS=0, maintenanceFrequencyMS=60000, connectionPoolListeners=[io.micrometer.core.instrument.binder.mongodb.MongoMetricsConnectionPoolListener@698d07ac], maxConnecting=2}, serverSettings=ServerSettings{heartbeatFrequencyMS=10000, minHeartbeatFrequencyMS=500, serverMonitoringMode=AUTO, serverListeners='[]', serverMonitorListeners='[]'}, sslSettings=SslSettings{enabled=false, invalidHostNameAllowed=false, context=null}, applicationName='null', compressorList=[], uuidRepresentation=JAVA_LEGACY, serverApi=null, autoEncryptionSettings=null, dnsClient=null, inetAddressResolver=null, contextProvider=null, timeoutMS=null}
2026-03-29T23:14:45.167-05:00  INFO 22256 --- [java-microservices-template] [localhost:58773] org.mongodb.driver.cluster               : Monitor thread successfully connected to server with description ServerDescription{address=localhost:58773, type=REPLICA_SET_PRIMARY, cryptd=false, state=CONNECTED, ok=true, minWireVersion=0, maxWireVersion=21, maxDocumentSize=16777216, logicalSessionTimeoutMinutes=30, roundTripTimeNanos=38806700, minRoundTripTimeNanos=0, setName='docker-rs', canonicalAddress=7223701d87c8:27017, hosts=[7223701d87c8:27017], passives=[], arbiters=[], primary='7223701d87c8:27017', tagSet=TagSet{[]}, electionId=7fffffff0000000000000001, setVersion=1, topologyVersion=TopologyVersion{processId=69c9f8a80fce41ca43940fa7, counter=6}, lastWriteDate=Sun Mar 29 23:14:34 PET 2026, lastUpdateTimeNanos=94060026592600}
2026-03-29T23:14:45.806-05:00  INFO 22256 --- [java-microservices-template] [           main] o.s.b.a.e.web.EndpointLinksResolver      : Exposing 2 endpoints beneath base path '/actuator'
2026-03-29T23:14:45.982-05:00  INFO 22256 --- [java-microservices-template] [           main] o.s.b.w.embedded.tomcat.TomcatWebServer  : Tomcat started on port 54869 (http) with context path '/'
2026-03-29T23:14:46.013-05:00  INFO 22256 --- [java-microservices-template] [           main] p.r.t.i.rest.OrderControllerIT           : Started OrderControllerIT in 8.924 seconds (process running for 35.681)
2026-03-29T23:14:46.164-05:00  WARN 22256 --- [java-microservices-template] [           main] o.s.core.events.SpringDocAppInitializer  : SpringDoc /v3/api-docs endpoint is enabled by default. To disable it in production, set the property 'springdoc.api-docs.enabled=false'
2026-03-29T23:14:46.164-05:00  WARN 22256 --- [java-microservices-template] [           main] o.s.core.events.SpringDocAppInitializer  : SpringDoc /swagger-ui.html endpoint is enabled by default. To disable it in production, set the property 'springdoc.swagger-ui.enabled=false'
2026-03-29T23:14:46.733-05:00  INFO 22256 --- [java-microservices-template] [o-auto-1-exec-1] o.a.c.c.C.[Tomcat].[localhost].[/]       : Initializing Spring DispatcherServlet 'dispatcherServlet'
2026-03-29T23:14:46.733-05:00  INFO 22256 --- [java-microservices-template] [o-auto-1-exec-1] o.s.web.servlet.DispatcherServlet        : Initializing Servlet 'dispatcherServlet'
2026-03-29T23:14:46.733-05:00  INFO 22256 --- [java-microservices-template] [o-auto-1-exec-1] o.s.web.servlet.DispatcherServlet        : Completed initialization in 0 ms
Hibernate: select oe1_0.order_id,oe1_0.status from orders oe1_0 where oe1_0.order_id=?
Hibernate: insert into orders (status,order_id) values (?,?)
]]></system-out>
    <system-err><![CDATA[Mockito is currently self-attaching to enable the inline-mock-maker. This will no longer work in future releases of the JDK. Please add Mockito as an agent to your build as described in Mockito's documentation: https://javadoc.io/doc/org.mockito/mockito-core/latest/org.mockito/org/mockito/Mockito.html#0.3
WARNING: A Java agent has been loaded dynamically (C:\Users\reste\.m2\repository\net\bytebuddy\byte-buddy-agent\1.17.8\byte-buddy-agent-1.17.8.jar)
WARNING: If a serviceability tool is in use, please run with -XX:+EnableDynamicAgentLoading to hide this warning
WARNING: If a serviceability tool is not in use, please run with -Djdk.instrument.traceUsage for more information
WARNING: Dynamic loading of agents will be disallowed by default in a future release
]]></system-err>
  </testcase>
</testsuite>