<?xml version="1.0" encoding="UTF-8"?>
<testsuite xmlns:xsi="http://www.w3.org/2001/XMLSchema-instance" xsi:noNamespaceSchemaLocation="https://maven.apache.org/surefire/maven-surefire-plugin/xsd/surefire-test-report.xsd" version="3.0.2" name="pe.resteban.template.domain.model.OrderTest" time="0.154" tests="2" errors="0" skipped="0" failures="0" flakes="0">
  <properties>
[...]
</properties>
  <testcase name="orderIdShouldNotBeNullAfterConstruction" classname="pe.resteban.template.domain.model.OrderTest" time="0.142"/>
  <testcase name="builderShouldCreateOrderWithCorrectValues" classname="pe.resteban.template.domain.model.OrderTest" time="0.012"/>
</testsuite>